<?xml version="1.0" encoding="utf-8"?><testsuites name="pytest tests"><testsuite name="pytest" errors="0" failures="1" skipped="0" tests="17" time="1.900" timestamp="2026-05-22T14:39:53.451523+08:00" hostname="MacBook-Pro.local"><testcase classname="test.kafka.test_kafka_api.TestKafkaGeneratorAPI" name="test_generate_endpoint_exists" time="0.063" /><testcase classname="test.kafka.test_kafka_api.TestKafkaGeneratorAPI" name="test_generate_with_valid_data" time="0.066" /><testcase classname="test.kafka.test_kafka_api.TestKafkaGeneratorAPI" name="test_generate_with_custom_fields" time="0.064" /><testcase classname="test.kafka.test_kafka_api.TestKafkaGeneratorAPI" name="test_generate_with_invalid_json" time="0.053" /><testcase classname="test.kafka.test_kafka_api.TestKafkaGeneratorAPI" name="test_generate_missing_required_field" time="0.046" /><testcase classname="test.kafka.test_kafka_api.TestKafkaGeneratorAPI" name="test_field_meta_endpoint" time="0.045" /><testcase classname="test.kafka.test_kafka_api.TestKafkaGeneratorAPI" name="test_field_order_endpoint" time="0.044" /><testcase classname="test.kafka.test_kafka_api.TestKafkaGeneratorAPI" name="test_history_endpoint" time="0.047" /><testcase classname="test.kafka.test_kafka_api.TestKafkaGeneratorAPI" name="test_field_cache_endpoint" time="0.047" /><testcase classname="test.kafka.test_kafka_api.TestKafkaGeneratorAPI" name="test_field_history_endpoint" time="0.050" /><testcase classname="test.kafka.test_kafka_api.TestKafkaGeneratorAPI" name="test_dict_data_endpoint" time="0.053"><failure message="assert 404 != 404&#10; +  where 404 = &lt;WrapperTestResponse streamed [404 NOT FOUND]&gt;.status_code">test/kafka/test_kafka_api.py:181: in test_dict_data_endpoint
    assert response.status_code != 404
E   assert 404 != 404
E    +  where 404 = &lt;WrapperTestResponse streamed [404 NOT FOUND]&gt;.status_code</failure></testcase><testcase classname="test.kafka.test_kafka_api.TestKafkaGeneratorAPI" name="test_generate_with_test_prefix" time="0.063" /><testcase classname="test.kafka.test_kafka_api.TestKafkaGeneratorAPI" name="test_generate_with_network_type_20" time="0.068" /><testcase classname="test.kafka.test_kafka_api.TestKafkaGeneratorAPI" name="test_concurrent_requests" time="0.140" /><testcase classname="test.kafka.test_kafka_api.TestErrorHandling" name="test_database_connection_failure" time="0.053" /><testcase classname="test.kafka.test_kafka_api.TestErrorHandling" name="test_malformed_request_body" time="0.046" /><testcase classname="test.kafka.test_kafka_api.TestErrorHandling" name="test_empty_request_body" time="0.047" /></testsuite></testsuites>