<?xml version="1.0" encoding="utf-8"?><testsuites name="pytest tests"><testsuite name="pytest" errors="0" failures="0" skipped="0" tests="37" time="2.699" timestamp="2026-05-22T14:51:45.481519+08:00" hostname="MacBook-Pro.local"><testcase classname="test.kafka.test_kafka_api_complete.TestKafkaGeneratorAPI" name="test_generate_kafka_message_success" time="0.074" /><testcase classname="test.kafka.test_kafka_api_complete.TestKafkaGeneratorAPI" name="test_generate_with_delay_time" time="0.060" /><testcase classname="test.kafka.test_kafka_api_complete.TestKafkaGeneratorAPI" name="test_generate_with_test_prefix" time="0.050" /><testcase classname="test.kafka.test_kafka_api_complete.TestKafkaGeneratorAPI" name="test_generate_empty_es_source" time="0.052" /><testcase classname="test.kafka.test_kafka_api_complete.TestKafkaGeneratorAPI" name="test_generate_invalid_json" time="0.045" /><testcase classname="test.kafka.test_kafka_api_complete.TestKafkaGeneratorAPI" name="test_generate_missing_es_source_raw" time="0.042" /><testcase classname="test.kafka.test_kafka_api_complete.TestKafkaGeneratorAPI" name="test_generate_push_message" time="0.042" /><testcase classname="test.kafka.test_kafka_api_complete.TestFieldMetaAPI" name="test_get_field_meta_dict" time="0.047" /><testcase classname="test.kafka.test_kafka_api_complete.TestFieldMetaAPI" name="test_get_field_meta_list" time="0.047" /><testcase classname="test.kafka.test_kafka_api_complete.TestFieldMetaAPI" name="test_get_field_meta_list_with_search" time="0.049" /><testcase classname="test.kafka.test_kafka_api_complete.TestFieldMetaAPI" name="test_create_field_meta" time="0.048" /><testcase classname="test.kafka.test_kafka_api_complete.TestFieldMetaAPI" name="test_update_field_meta" time="0.045" /><testcase classname="test.kafka.test_kafka_api_complete.TestFieldMetaAPI" name="test_delete_field_meta" time="0.046" /><testcase classname="test.kafka.test_kafka_api_complete.TestFieldMetaAPI" name="test_get_field_order" time="0.045" /><testcase classname="test.kafka.test_kafka_api_complete.TestFieldDictAPI" name="test_get_field_options" time="0.048" /><testcase classname="test.kafka.test_kafka_api_complete.TestFieldDictAPI" name="test_get_field_dict_list" time="0.042" /><testcase classname="test.kafka.test_kafka_api_complete.TestFieldDictAPI" name="test_create_field_dict" time="0.040" /><testcase classname="test.kafka.test_kafka_api_complete.TestFieldDictAPI" name="test_update_field_dict" time="0.045" /><testcase classname="test.kafka.test_kafka_api_complete.TestFieldDictAPI" name="test_delete_field_dict" time="0.050" /><testcase classname="test.kafka.test_kafka_api_complete.TestFieldCacheHistoryAPI" name="test_get_field_cache" time="0.047" /><testcase classname="test.kafka.test_kafka_api_complete.TestFieldCacheHistoryAPI" name="test_save_field_cache" time="0.047" /><testcase classname="test.kafka.test_kafka_api_complete.TestFieldCacheHistoryAPI" name="test_batch_save_field_cache" time="0.088" /><testcase classname="test.kafka.test_kafka_api_complete.TestFieldCacheHistoryAPI" name="test_save_field_history" time="0.050" /><testcase classname="test.kafka.test_kafka_api_complete.TestFieldCacheHistoryAPI" name="test_delete_field_history" time="0.049" /><testcase classname="test.kafka.test_kafka_api_complete.TestFieldCacheHistoryAPI" name="test_get_field_values" time="0.046" /><testcase classname="test.kafka.test_kafka_api_complete.TestHistoryAPI" name="test_get_history_list" time="0.048" /><testcase classname="test.kafka.test_kafka_api_complete.TestHistoryAPI" name="test_get_history_list_with_keyword" time="0.111" /><testcase classname="test.kafka.test_kafka_api_complete.TestHistoryAPI" name="test_get_history_detail" time="0.044" /><testcase classname="test.kafka.test_kafka_api_complete.TestHistoryAPI" name="test_update_history_remark" time="0.043" /><testcase classname="test.kafka.test_kafka_api_complete.TestConfigAPI" name="test_get_config" time="0.048" /><testcase classname="test.kafka.test_kafka_api_complete.TestSpecialFields" name="test_time_fields_sync" time="0.057" /><testcase classname="test.kafka.test_kafka_api_complete.TestSpecialFields" name="test_fp_fields_consistency" time="0.054" /><testcase classname="test.kafka.test_kafka_api_complete.TestSpecialFields" name="test_business_key_fields" time="0.055" /><testcase classname="test.kafka.test_kafka_api_complete.TestCustomFieldsOverride" name="test_custom_fields_priority" time="0.053" /><testcase classname="test.kafka.test_kafka_api_complete.TestErrorHandling" name="test_empty_request_body" time="0.047" /><testcase classname="test.kafka.test_kafka_api_complete.TestErrorHandling" name="test_invalid_content_type" time="0.047" /><testcase classname="test.kafka.test_kafka_api_complete.TestErrorHandling" name="test_large_payload" time="0.056" /></testsuite></testsuites>